Using pre-set license
Built from '2022.3/staging' branch; Version is '2022.3.22f1 (887be4894c44) revision 8944612'; Using compiler version '192829333'; Build Type 'Release'
OS: 'Windows 11  (10.0.22631) 64bit CoreCountrySpecific' Language: 'zh' Physical Memory: 15556 MB
BatchMode: 1, IsHumanControllingUs: 0, StartBugReporterOnCrash: 0, Is64bit: 1, IsPro: 1

COMMAND LINE ARGUMENTS:
E:\unity\2022.3.22f1\Editor\Unity.exe
-adb2
-batchMode
-noUpm
-name
AssetImportWorker0
-projectPath
E:/unityProjects/ASE1
-logFile
Logs/AssetImportWorker0.log
-srvPort
8491
Successfully changed project path to: E:/unityProjects/ASE1
E:/unityProjects/ASE1
[UnityMemory] Configuration Parameters - Can be set up in boot.config
    "memorysetup-bucket-allocator-granularity=16"
    "memorysetup-bucket-allocator-bucket-count=8"
    "memorysetup-bucket-allocator-block-size=33554432"
    "memorysetup-bucket-allocator-block-count=8"
    "memorysetup-main-allocator-block-size=16777216"
    "memorysetup-thread-allocator-block-size=16777216"
    "memorysetup-gfx-main-allocator-block-size=16777216"
    "memorysetup-gfx-thread-allocator-block-size=16777216"
    "memorysetup-cache-allocator-block-size=4194304"
    "memorysetup-typetree-allocator-block-size=2097152"
    "memorysetup-profiler-bucket-allocator-granularity=16"
    "memorysetup-profiler-bucket-allocator-bucket-count=8"
    "memorysetup-profiler-bucket-allocator-block-size=33554432"
    "memorysetup-profiler-bucket-allocator-block-count=8"
    "memorysetup-profiler-allocator-block-size=16777216"
    "memorysetup-profiler-editor-allocator-block-size=1048576"
    "memorysetup-temp-allocator-size-main=16777216"
    "memorysetup-job-temp-allocator-block-size=2097152"
    "memorysetup-job-temp-allocator-block-size-background=1048576"
    "memorysetup-job-temp-allocator-reduction-small-platforms=262144"
    "memorysetup-allocator-temp-initial-block-size-main=262144"
    "memorysetup-allocator-temp-initial-block-size-worker=262144"
    "memorysetup-temp-allocator-size-background-worker=32768"
    "memorysetup-temp-allocator-size-job-worker=262144"
    "memorysetup-temp-allocator-size-preload-manager=33554432"
    "memorysetup-temp-allocator-size-nav-mesh-worker=65536"
    "memorysetup-temp-allocator-size-audio-worker=65536"
    "memorysetup-temp-allocator-size-cloud-worker=32768"
    "memorysetup-temp-allocator-size-gi-baking-worker=262144"
    "memorysetup-temp-allocator-size-gfx=262144"
Player connection [12856] Host "[IP] 192.168.228.1 [Port] 0 [Flags] 2 [Guid] 784778019 [EditorId] 784778019 [Version] 1048832 [Id] WindowsEditor(7,yeamee) [Debug] 1 [PackageName] WindowsEditor [ProjectName] Editor" joined multi-casting on [225.0.0.222:54997]...

Player connection [12856] Host "[IP] 192.168.228.1 [Port] 0 [Flags] 2 [Guid] 784778019 [EditorId] 784778019 [Version] 1048832 [Id] WindowsEditor(7,yeamee) [Debug] 1 [PackageName] WindowsEditor [ProjectName] Editor" joined alternative multi-casting on [225.0.0.222:34997]...

[Physics::Module] Initialized MultithreadedJobDispatcher with 15 workers.
Refreshing native plugins compatible for Editor in 9.20 ms, found 3 plugins.
Preloading 0 native plugins for Editor in 0.00 ms.
Initialize engine version: 2022.3.22f1 (887be4894c44)
[Subsystems] Discovering subsystems at path E:/unity/2022.3.22f1/Editor/Data/Resources/UnitySubsystems
[Subsystems] Discovering subsystems at path E:/unityProjects/ASE1/Assets
GfxDevice: creating device client; threaded=0; jobified=0
Direct3D:
    Version:  Direct3D 11.0 [level 11.1]
    Renderer: NVIDIA GeForce RTX 4060 Laptop GPU (ID=0x28e0)
    Vendor:   NVIDIA
    VRAM:     7971 MB
    Driver:   31.0.15.3753
Initialize mono
Mono path[0] = 'E:/unity/2022.3.22f1/Editor/Data/Managed'
Mono path[1] = 'E:/unity/2022.3.22f1/Editor/Data/MonoBleedingEdge/lib/mono/unityjit-win32'
Mono config path = 'E:/unity/2022.3.22f1/Editor/Data/MonoBleedingEdge/etc'
Using monoOptions --debugger-agent=transport=dt_socket,embedding=1,server=y,suspend=n,address=127.0.0.1:56660
Begin MonoManager ReloadAssembly
Registering precompiled unity dll's ...
Register platform support module: E:/unity/2022.3.22f1/Editor/Data/PlaybackEngines/WebGLSupport/UnityEditor.WebGL.Extensions.dll
Register platform support module: E:/unity/2022.3.22f1/Editor/Data/PlaybackEngines/WindowsStandaloneSupport/UnityEditor.WindowsStandalone.Extensions.dll
Registered in 0.004201 seconds.
- Loaded All Assemblies, in  0.269 seconds
Native extension for WindowsStandalone target not found
Native extension for WebGL target not found
Mono: successfully reloaded assembly
- Finished resetting the current domain, in  0.187 seconds
Domain Reload Profiling: 456ms
	BeginReloadAssembly (103ms)
		ExecutionOrderSort (0ms)
		DisableScriptedObjects (0ms)
		BackupInstance (0ms)
		ReleaseScriptingObjects (0ms)
		CreateAndSetChildDomain (1ms)
	RebuildCommonClasses (23ms)
	RebuildNativeTypeToScriptingClass (7ms)
	initialDomainReloadingComplete (39ms)
	LoadAllAssembliesAndSetupDomain (97ms)
		LoadAssemblies (103ms)
		RebuildTransferFunctionScriptingTraits (0ms)
		AnalyzeDomain (95ms)
			TypeCache.Refresh (94ms)
				TypeCache.ScanAssembly (84ms)
			ScanForSourceGeneratedMonoScriptInfo (0ms)
			ResolveRequiredComponents (0ms)
	FinalizeReload (187ms)
		ReleaseScriptCaches (0ms)
		RebuildScriptCaches (0ms)
		SetupLoadedEditorAssemblies (149ms)
			LogAssemblyErrors (0ms)
			InitializePlatformSupportModulesInManaged (6ms)
			SetLoadedEditorAssemblies (4ms)
			RefreshPlugins (0ms)
			BeforeProcessingInitializeOnLoad (1ms)
			ProcessInitializeOnLoadAttributes (105ms)
			ProcessInitializeOnLoadMethodAttributes (32ms)
			AfterProcessingInitializeOnLoad (0ms)
			EditorAssembliesLoaded (0ms)
		ExecutionOrderSort2 (0ms)
		AwakeInstancesAfterBackupRestoration (0ms)
========================================================================
Worker process is ready to serve import requests
Begin MonoManager ReloadAssembly
- Loaded All Assemblies, in  0.480 seconds
Refreshing native plugins compatible for Editor in 2.22 ms, found 3 plugins.
Native extension for WindowsStandalone target not found
Native extension for WebGL target not found
Package Manager log level set to [2]
[Package Manager] Server::EnsureServerProcessIsRunning -- launch failed, reason: Unity was launched with the -noUpm command-line argument
[Package Manager] UpmClient::Send -- Unable to send message (not connected to UPM process).
[Package Manager] Cannot connect to Unity Package Manager local server
Mono: successfully reloaded assembly
- Finished resetting the current domain, in  0.379 seconds
Domain Reload Profiling: 859ms
	BeginReloadAssembly (123ms)
		ExecutionOrderSort (0ms)
		DisableScriptedObjects (3ms)
		BackupInstance (0ms)
		ReleaseScriptingObjects (0ms)
		CreateAndSetChildDomain (20ms)
	RebuildCommonClasses (25ms)
	RebuildNativeTypeToScriptingClass (7ms)
	initialDomainReloadingComplete (25ms)
	LoadAllAssembliesAndSetupDomain (300ms)
		LoadAssemblies (255ms)
		RebuildTransferFunctionScriptingTraits (0ms)
		AnalyzeDomain (123ms)
			TypeCache.Refresh (108ms)
				TypeCache.ScanAssembly (97ms)
			ScanForSourceGeneratedMonoScriptInfo (10ms)
			ResolveRequiredComponents (3ms)
	FinalizeReload (379ms)
		ReleaseScriptCaches (0ms)
		RebuildScriptCaches (0ms)
		SetupLoadedEditorAssemblies (272ms)
			LogAssemblyErrors (0ms)
			InitializePlatformSupportModulesInManaged (3ms)
			SetLoadedEditorAssemblies (4ms)
			RefreshPlugins (0ms)
			BeforeProcessingInitializeOnLoad (36ms)
			ProcessInitializeOnLoadAttributes (213ms)
			ProcessInitializeOnLoadMethodAttributes (14ms)
			AfterProcessingInitializeOnLoad (2ms)
			EditorAssembliesLoaded (0ms)
		ExecutionOrderSort2 (0ms)
		AwakeInstancesAfterBackupRestoration (7ms)
Launched and connected shader compiler UnityShaderCompiler.exe after 0.09 seconds
Refreshing native plugins compatible for Editor in 2.79 ms, found 3 plugins.
Preloading 0 native plugins for Editor in 0.00 ms.
Unloading 3093 Unused Serialized files (Serialized files now loaded: 0)
Unloading 32 unused Assets / (57.0 KB). Loaded Objects now: 3554.
Memory consumption went from 125.6 MB to 125.6 MB.
Total: 2.781200 ms (FindLiveObjects: 0.330700 ms CreateObjectMapping: 0.101600 ms MarkObjects: 2.247800 ms  DeleteObjects: 0.100200 ms)

AssetImportParameters requested are different than current active one (requested -> active):
  custom:container-demuxer-ogg: 62fdf1f143b41e24485cea50d1cbac27 -> 
  custom:video-codec-MediaFoundation-h265: 746d11721c4dcdbdad8f713fa42b33f4 -> 
  custom:video-decoder-ogg-theora: a1e56fd34408186e4bbccfd4996cb3dc -> 
  custom:framework-win-MediaFoundation: 216162199b28c13a410421893ffa2e32 -> 
  custom:CustomObjectIndexerAttribute: 9a22284fe3817be447336de3de66b15e -> 
  custom:container-demuxer-webm: 4f35f7cbe854078d1ac9338744f61a02 -> 
  custom:container-muxer-webm: aa71ff27fc2769a1b78a27578f13a17b -> 
  custom:video-decoder-webm-vp8: 9c59270c3fd7afecdb556c50c9e8de78 -> 
  custom:SearchIndexIgnoredProperties: e643bd26f0fe6173181afceb89e7c659 -> 
  custom:AudioImporter_EditorPlatform: d09bf68614088b80899f8185d706f6e7 -> 
  custom:video-encoder-webm-vp8: eb34c28f22e8b96e1ab97ce403110664 -> 
  custom:audio-decoder-ogg-vorbis: bf7c407c2cedff20999df2af8eb42d56 -> 
  custom:audio-encoder-webm-vorbis: bf7c407c2cedff20999df2af8eb42d56 -> 
========================================================================
Received Import Request.
  Time since last request: 299011.180137 seconds.
  path: Assets
  artifactKey: Guid(00000000000000001000000000000000) Importer(815301076,1909f56bfc062723c751e8b465ee728b)
Start importing Assets using Guid(00000000000000001000000000000000) Importer(815301076,1909f56bfc062723c751e8b465ee728b)  -> (artifact id: '8a4fe85251aa2e89732c359432baa2c3') in 0.002783 seconds
Number of updated asset objects reloaded before import = 0
Number of asset objects unloaded after import = 0
========================================================================
Received Import Request.
  Time since last request: 2.106586 seconds.
  path: Assets/images
  artifactKey: Guid(294c20adbf6e01d4db0b5c6efe96630c) Importer(815301076,1909f56bfc062723c751e8b465ee728b)
Start importing Assets/images using Guid(294c20adbf6e01d4db0b5c6efe96630c) Importer(815301076,1909f56bfc062723c751e8b465ee728b)  -> (artifact id: '7679cf45f7ad49d381c9d2a855844f91') in 0.000869 seconds
Number of updated asset objects reloaded before import = 0
Number of asset objects unloaded after import = 0
========================================================================
Received Import Request.
  Time since last request: 17.536265 seconds.
  path: Assets/models
  artifactKey: Guid(95a8c78b8a1a60c44aa7d4f6f93ae281) Importer(815301076,1909f56bfc062723c751e8b465ee728b)
Start importing Assets/models using Guid(95a8c78b8a1a60c44aa7d4f6f93ae281) Importer(815301076,1909f56bfc062723c751e8b465ee728b)  -> (artifact id: '3d8dcbdd09a753b156f82148eff441fd') in 0.000829 seconds
Number of updated asset objects reloaded before import = 0
Number of asset objects unloaded after import = 0
========================================================================
Received Import Request.
  Time since last request: 56.268405 seconds.
  path: Assets/Scenes/Skybox-Cubed-Filter.shader
  artifactKey: Guid(ef84247d758ec2642bd04021638e5032) Importer(815301076,1909f56bfc062723c751e8b465ee728b)
Start importing Assets/Scenes/Skybox-Cubed-Filter.shader using Guid(ef84247d758ec2642bd04021638e5032) Importer(815301076,1909f56bfc062723c751e8b465ee728b)  -> (artifact id: 'cf0fea11c872f9104b8e13c696dc951a') in 0.008694 seconds
Number of updated asset objects reloaded before import = 0
Number of asset objects unloaded after import = 1
========================================================================
Received Import Request.
  Time since last request: 410.137154 seconds.
  path: Assets/Scenes
  artifactKey: Guid(49956c2c8cd6a4045af38cdebe883bd5) Importer(815301076,1909f56bfc062723c751e8b465ee728b)
Start importing Assets/Scenes using Guid(49956c2c8cd6a4045af38cdebe883bd5) Importer(815301076,1909f56bfc062723c751e8b465ee728b)  -> (artifact id: '94007b3ff761b47fad959c8df377e495') in 0.000436 seconds
Number of updated asset objects reloaded before import = 0
Number of asset objects unloaded after import = 0
========================================================================
Received Import Request.
  Time since last request: 1946.733608 seconds.
  path: Assets/images/Dot01.png
  artifactKey: Guid(bcf7492ada7eb0c4aa25af6816de25e6) Importer(815301076,1909f56bfc062723c751e8b465ee728b)
Start importing Assets/images/Dot01.png using Guid(bcf7492ada7eb0c4aa25af6816de25e6) Importer(815301076,1909f56bfc062723c751e8b465ee728b)  -> (artifact id: '1de3c7839cf36d41695ec840b554daa7') in 0.122133 seconds
Number of updated asset objects reloaded before import = 0
Number of asset objects unloaded after import = 2
========================================================================
Received Import Request.
  Time since last request: 321.648536 seconds.
  path: Assets/shaders
  artifactKey: Guid(93ffa63eb69aa0149a28e555f336e680) Importer(815301076,1909f56bfc062723c751e8b465ee728b)
Start importing Assets/shaders using Guid(93ffa63eb69aa0149a28e555f336e680) Importer(815301076,1909f56bfc062723c751e8b465ee728b)  -> (artifact id: 'ad9ade2717f165f078b05937fbe3d083') in 0.001250 seconds
Number of updated asset objects reloaded before import = 0
Number of asset objects unloaded after import = 0
========================================================================
Received Prepare
Begin MonoManager ReloadAssembly
- Loaded All Assemblies, in  1.010 seconds
Refreshing native plugins compatible for Editor in 13.64 ms, found 3 plugins.
Native extension for WindowsStandalone target not found
Native extension for WebGL target not found
[Package Manager] Server::EnsureServerProcessIsRunning -- launch failed, reason: Unity was launched with the -noUpm command-line argument
[Package Manager] UpmClient::Send -- Unable to send message (not connected to UPM process).
[Package Manager] Cannot connect to Unity Package Manager local server
[Package Manager] Server::EnsureServerProcessIsRunning -- launch failed, reason: Unity was launched with the -noUpm command-line argument
[Package Manager] UpmClient::Send -- Unable to send message (not connected to UPM process).
[Package Manager] Cannot connect to Unity Package Manager local server
[ScriptCompilation] NOT recompiling all scripts because this is an import worker process. Reason to compile was: Define symbols changed
Mono: successfully reloaded assembly
- Finished resetting the current domain, in  2.158 seconds
Domain Reload Profiling: 3167ms
	BeginReloadAssembly (317ms)
		ExecutionOrderSort (0ms)
		DisableScriptedObjects (7ms)
		BackupInstance (0ms)
		ReleaseScriptingObjects (0ms)
		CreateAndSetChildDomain (104ms)
	RebuildCommonClasses (58ms)
	RebuildNativeTypeToScriptingClass (20ms)
	initialDomainReloadingComplete (44ms)
	LoadAllAssembliesAndSetupDomain (570ms)
		LoadAssemblies (693ms)
		RebuildTransferFunctionScriptingTraits (0ms)
		AnalyzeDomain (48ms)
			TypeCache.Refresh (24ms)
				TypeCache.ScanAssembly (9ms)
			ScanForSourceGeneratedMonoScriptInfo (13ms)
			ResolveRequiredComponents (10ms)
	FinalizeReload (2158ms)
		ReleaseScriptCaches (0ms)
		RebuildScriptCaches (0ms)
		SetupLoadedEditorAssemblies (294ms)
			LogAssemblyErrors (0ms)
			InitializePlatformSupportModulesInManaged (5ms)
			SetLoadedEditorAssemblies (2ms)
			RefreshPlugins (0ms)
			BeforeProcessingInitializeOnLoad (39ms)
			ProcessInitializeOnLoadAttributes (224ms)
			ProcessInitializeOnLoadMethodAttributes (22ms)
			AfterProcessingInitializeOnLoad (2ms)
			EditorAssembliesLoaded (0ms)
		ExecutionOrderSort2 (0ms)
		AwakeInstancesAfterBackupRestoration (8ms)
Script is not up to date after domain reload: guid(da0b931bd234a1e43b65f684d4b59bfb) path("Assets/AmplifyShaderEditor/Plugins/Editor/Templates/TemplateMenuItems.cs") state(2)
Refreshing native plugins compatible for Editor in 22.76 ms, found 3 plugins.
Preloading 0 native plugins for Editor in 0.00 ms.
Unloading 3768 Unused Serialized files (Serialized files now loaded: 0)
Unloading 235 unused Assets / (7.4 MB). Loaded Objects now: 4031.
Memory consumption went from 194.0 MB to 186.6 MB.
Total: 18.728600 ms (FindLiveObjects: 1.123600 ms CreateObjectMapping: 1.756000 ms MarkObjects: 10.583500 ms  DeleteObjects: 5.263100 ms)

Prepare: number of updated asset objects reloaded= 0
AssetImportParameters requested are different than current active one (requested -> active):
  custom:container-demuxer-ogg: 62fdf1f143b41e24485cea50d1cbac27 -> 
  custom:video-codec-MediaFoundation-h265: 746d11721c4dcdbdad8f713fa42b33f4 -> 
  custom:video-decoder-ogg-theora: a1e56fd34408186e4bbccfd4996cb3dc -> 
  custom:framework-win-MediaFoundation: 216162199b28c13a410421893ffa2e32 -> 
  custom:CustomObjectIndexerAttribute: 9a22284fe3817be447336de3de66b15e -> 
  custom:container-demuxer-webm: 4f35f7cbe854078d1ac9338744f61a02 -> 
  custom:container-muxer-webm: aa71ff27fc2769a1b78a27578f13a17b -> 
  custom:video-decoder-webm-vp8: 9c59270c3fd7afecdb556c50c9e8de78 -> 
  custom:SearchIndexIgnoredProperties: e643bd26f0fe6173181afceb89e7c659 -> 
  custom:AudioImporter_EditorPlatform: d09bf68614088b80899f8185d706f6e7 -> 
  custom:video-encoder-webm-vp8: eb34c28f22e8b96e1ab97ce403110664 -> 
  custom:audio-decoder-ogg-vorbis: bf7c407c2cedff20999df2af8eb42d56 -> 
  custom:audio-encoder-webm-vorbis: bf7c407c2cedff20999df2af8eb42d56 -> 
========================================================================
Received Prepare
Begin MonoManager ReloadAssembly
- Loaded All Assemblies, in  0.463 seconds
Refreshing native plugins compatible for Editor in 3.02 ms, found 3 plugins.
Native extension for WindowsStandalone target not found
Native extension for WebGL target not found
[Package Manager] Server::EnsureServerProcessIsRunning -- launch failed, reason: Unity was launched with the -noUpm command-line argument
[Package Manager] UpmClient::Send -- Unable to send message (not connected to UPM process).
[Package Manager] Cannot connect to Unity Package Manager local server
[Package Manager] Server::EnsureServerProcessIsRunning -- launch failed, reason: Unity was launched with the -noUpm command-line argument
[Package Manager] UpmClient::Send -- Unable to send message (not connected to UPM process).
[Package Manager] Cannot connect to Unity Package Manager local server
[ScriptCompilation] NOT recompiling all scripts because this is an import worker process. Reason to compile was: Define symbols changed
Mono: successfully reloaded assembly
- Finished resetting the current domain, in  0.966 seconds
Domain Reload Profiling: 1429ms
	BeginReloadAssembly (159ms)
		ExecutionOrderSort (0ms)
		DisableScriptedObjects (4ms)
		BackupInstance (0ms)
		ReleaseScriptingObjects (0ms)
		CreateAndSetChildDomain (30ms)
	RebuildCommonClasses (25ms)
	RebuildNativeTypeToScriptingClass (14ms)
	initialDomainReloadingComplete (18ms)
	LoadAllAssembliesAndSetupDomain (247ms)
		LoadAssemblies (273ms)
		RebuildTransferFunctionScriptingTraits (0ms)
		AnalyzeDomain (74ms)
			TypeCache.Refresh (61ms)
				TypeCache.ScanAssembly (50ms)
			ScanForSourceGeneratedMonoScriptInfo (10ms)
			ResolveRequiredComponents (3ms)
	FinalizeReload (966ms)
		ReleaseScriptCaches (0ms)
		RebuildScriptCaches (0ms)
		SetupLoadedEditorAssemblies (260ms)
			LogAssemblyErrors (0ms)
			InitializePlatformSupportModulesInManaged (4ms)
			SetLoadedEditorAssemblies (2ms)
			RefreshPlugins (0ms)
			BeforeProcessingInitializeOnLoad (40ms)
			ProcessInitializeOnLoadAttributes (195ms)
			ProcessInitializeOnLoadMethodAttributes (18ms)
			AfterProcessingInitializeOnLoad (2ms)
			EditorAssembliesLoaded (0ms)
		ExecutionOrderSort2 (0ms)
		AwakeInstancesAfterBackupRestoration (7ms)
Refreshing native plugins compatible for Editor in 3.08 ms, found 3 plugins.
Preloading 0 native plugins for Editor in 0.00 ms.
Unloading 3770 Unused Serialized files (Serialized files now loaded: 0)
Unloading 236 unused Assets / (7.4 MB). Loaded Objects now: 4035.
Memory consumption went from 196.4 MB to 189.0 MB.
Total: 4.986500 ms (FindLiveObjects: 0.250000 ms CreateObjectMapping: 0.065500 ms MarkObjects: 1.956000 ms  DeleteObjects: 2.713900 ms)

Prepare: number of updated asset objects reloaded= 0
AssetImportParameters requested are different than current active one (requested -> active):
  custom:container-demuxer-ogg: 62fdf1f143b41e24485cea50d1cbac27 -> 
  custom:video-codec-MediaFoundation-h265: 746d11721c4dcdbdad8f713fa42b33f4 -> 
  custom:video-decoder-ogg-theora: a1e56fd34408186e4bbccfd4996cb3dc -> 
  custom:framework-win-MediaFoundation: 216162199b28c13a410421893ffa2e32 -> 
  custom:CustomObjectIndexerAttribute: 9a22284fe3817be447336de3de66b15e -> 
  custom:container-demuxer-webm: 4f35f7cbe854078d1ac9338744f61a02 -> 
  custom:container-muxer-webm: aa71ff27fc2769a1b78a27578f13a17b -> 
  custom:video-decoder-webm-vp8: 9c59270c3fd7afecdb556c50c9e8de78 -> 
  custom:SearchIndexIgnoredProperties: e643bd26f0fe6173181afceb89e7c659 -> 
  custom:AudioImporter_EditorPlatform: d09bf68614088b80899f8185d706f6e7 -> 
  custom:video-encoder-webm-vp8: eb34c28f22e8b96e1ab97ce403110664 -> 
  custom:audio-decoder-ogg-vorbis: bf7c407c2cedff20999df2af8eb42d56 -> 
  custom:audio-encoder-webm-vorbis: bf7c407c2cedff20999df2af8eb42d56 -> 
========================================================================
Received Import Request.
  Time since last request: 675.093920 seconds.
  path: Assets/shaders/New Amplify Shader.shader
  artifactKey: Guid(04b37d2150924f346abf2480f2f11369) Importer(815301076,1909f56bfc062723c751e8b465ee728b)
Start importing Assets/shaders/New Amplify Shader.shader using Guid(04b37d2150924f346abf2480f2f11369) Importer(815301076,1909f56bfc062723c751e8b465ee728b)  -> (artifact id: '86b3a888c32f288d434bcc60ae6ee542') in 0.012048 seconds
Number of updated asset objects reloaded before import = 0
Number of asset objects unloaded after import = 1
========================================================================
Received Import Request.
  Time since last request: 4.388871 seconds.
  path: Assets/shaders/Scan.shader
  artifactKey: Guid(04b37d2150924f346abf2480f2f11369) Importer(815301076,1909f56bfc062723c751e8b465ee728b)
Start importing Assets/shaders/Scan.shader using Guid(04b37d2150924f346abf2480f2f11369) Importer(815301076,1909f56bfc062723c751e8b465ee728b)  -> (artifact id: '77f380c1d065de84caaf07d945a0b785') in 0.001745 seconds
Number of updated asset objects reloaded before import = 0
Number of asset objects unloaded after import = 1
========================================================================
Received Import Request.
  Time since last request: 389.172817 seconds.
  path: Assets/Materials
  artifactKey: Guid(a224cd235afcb7b4e8a9675b0e9f7639) Importer(815301076,1909f56bfc062723c751e8b465ee728b)
Start importing Assets/Materials using Guid(a224cd235afcb7b4e8a9675b0e9f7639) Importer(815301076,1909f56bfc062723c751e8b465ee728b)  -> (artifact id: 'c4489d24908f7782a9d7dbe604b53226') in 0.000963 seconds
Number of updated asset objects reloaded before import = 0
Number of asset objects unloaded after import = 0
========================================================================
Received Import Request.
  Time since last request: 126.688945 seconds.
  path: Assets/AmplifyShaderEditor/Plugins/EditorResources/Textures/About.png
  artifactKey: Guid(8aba6bb20faf8824d9d81946542f1ce1) Importer(815301076,1909f56bfc062723c751e8b465ee728b)
Start importing Assets/AmplifyShaderEditor/Plugins/EditorResources/Textures/About.png using Guid(8aba6bb20faf8824d9d81946542f1ce1) Importer(815301076,1909f56bfc062723c751e8b465ee728b)  -> (artifact id: '0962b011506ea0ffe1c272dec80856aa') in 0.032059 seconds
Number of updated asset objects reloaded before import = 0
Number of asset objects unloaded after import = 2
========================================================================
Received Import Request.
  Time since last request: 0.034837 seconds.
  path: Assets/AmplifyShaderEditor/Plugins/EditorResources/Nodes/Bezier1X2AA.png
  artifactKey: Guid(06e687f68dd96f0448c6d8217bbcf608) Importer(815301076,1909f56bfc062723c751e8b465ee728b)
Start importing Assets/AmplifyShaderEditor/Plugins/EditorResources/Nodes/Bezier1X2AA.png using Guid(06e687f68dd96f0448c6d8217bbcf608) Importer(815301076,1909f56bfc062723c751e8b465ee728b)  -> (artifact id: '0b68d2e571e44539567a2c7fe4b7b633') in 0.013006 seconds
Number of updated asset objects reloaded before import = 0
Number of asset objects unloaded after import = 2
========================================================================
Received Import Request.
  Time since last request: 0.000024 seconds.
  path: Assets/AmplifyShaderEditor/Plugins/EditorResources/Textures/black.png
  artifactKey: Guid(7a170cdb7cc88024cb628cfcdbb6705c) Importer(815301076,1909f56bfc062723c751e8b465ee728b)
Start importing Assets/AmplifyShaderEditor/Plugins/EditorResources/Textures/black.png using Guid(7a170cdb7cc88024cb628cfcdbb6705c) Importer(815301076,1909f56bfc062723c751e8b465ee728b)  -> (artifact id: '58ba6239df8fb29a3339a602378546f7') in 0.010493 seconds
Number of updated asset objects reloaded before import = 0
Number of asset objects unloaded after import = 2
========================================================================
Received Import Request.
  Time since last request: 0.000018 seconds.
  path: Assets/AmplifyShaderEditor/Plugins/EditorResources/UI/Nodes/BlueNormalBase.png
  artifactKey: Guid(60c283ffa9a758646ab70a2fe7ff5f71) Importer(815301076,1909f56bfc062723c751e8b465ee728b)
Start importing Assets/AmplifyShaderEditor/Plugins/EditorResources/UI/Nodes/BlueNormalBase.png using Guid(60c283ffa9a758646ab70a2fe7ff5f71) Importer(815301076,1909f56bfc062723c751e8b465ee728b)  -> (artifact id: '301b191ce571ed99139517eeb44c4770') in 0.006368 seconds
Number of updated asset objects reloaded before import = 0
Number of asset objects unloaded after import = 2
========================================================================
Received Import Request.
  Time since last request: 1.113267 seconds.
  path: Assets/AmplifyShaderEditor/Plugins/EditorResources/UI/Nodes/BlueNormalHeader.png
  artifactKey: Guid(bd910a1d744309b499b59062db7891ab) Importer(815301076,1909f56bfc062723c751e8b465ee728b)
Start importing Assets/AmplifyShaderEditor/Plugins/EditorResources/UI/Nodes/BlueNormalHeader.png using Guid(bd910a1d744309b499b59062db7891ab) Importer(815301076,1909f56bfc062723c751e8b465ee728b)  -> (artifact id: '5324c156c4a28a2d539c25e42abe2e09') in 0.006276 seconds
Number of updated asset objects reloaded before import = 0
Number of asset objects unloaded after import = 2
========================================================================
Received Import Request.
  Time since last request: 0.351494 seconds.
  path: Assets/AmplifyShaderEditor/Plugins/EditorResources/UI/Buttons/Checkmark.png
  artifactKey: Guid(e9c4642eaa083a54ab91406d8449e6ac) Importer(815301076,1909f56bfc062723c751e8b465ee728b)
Start importing Assets/AmplifyShaderEditor/Plugins/EditorResources/UI/Buttons/Checkmark.png using Guid(e9c4642eaa083a54ab91406d8449e6ac) Importer(815301076,1909f56bfc062723c751e8b465ee728b)  -> (artifact id: 'b1f5b54e918ebe8fe9f017f53a9e008c') in 0.006140 seconds
Number of updated asset objects reloaded before import = 0
Number of asset objects unloaded after import = 2
========================================================================
Received Import Request.
  Time since last request: 0.020722 seconds.
  path: Assets/AmplifyShaderEditor/Plugins/EditorResources/UI/Buttons/CircularToggle_OFF_Dark.png
  artifactKey: Guid(1aaca50d084b0bb43854f075ce2f302b) Importer(815301076,1909f56bfc062723c751e8b465ee728b)
Start importing Assets/AmplifyShaderEditor/Plugins/EditorResources/UI/Buttons/CircularToggle_OFF_Dark.png using Guid(1aaca50d084b0bb43854f075ce2f302b) Importer(815301076,1909f56bfc062723c751e8b465ee728b)  -> (artifact id: '65aa9b267c81745ca4861f058ca736c2') in 0.005934 seconds
Number of updated asset objects reloaded before import = 0
Number of asset objects unloaded after import = 2
========================================================================
Received Import Request.
  Time since last request: 0.032208 seconds.
  path: Assets/AmplifyShaderEditor/Plugins/EditorResources/UI/Buttons/CleanupOFF.png
  artifactKey: Guid(f62c0c3a5ddcd844e905fb2632fdcb15) Importer(815301076,1909f56bfc062723c751e8b465ee728b)
Start importing Assets/AmplifyShaderEditor/Plugins/EditorResources/UI/Buttons/CleanupOFF.png using Guid(f62c0c3a5ddcd844e905fb2632fdcb15) Importer(815301076,1909f56bfc062723c751e8b465ee728b)  -> (artifact id: '43ec1dfa2e19e35d246c9063f5c01d5f') in 0.006221 seconds
Number of updated asset objects reloaded before import = 0
Number of asset objects unloaded after import = 2
========================================================================
Received Import Request.
  Time since last request: 0.274393 seconds.
  path: Assets/AmplifyShaderEditor/Plugins/EditorResources/UI/Buttons/CleanupON.png
  artifactKey: Guid(615d853995cf2344d8641fd19cb09b5d) Importer(815301076,1909f56bfc062723c751e8b465ee728b)
Start importing Assets/AmplifyShaderEditor/Plugins/EditorResources/UI/Buttons/CleanupON.png using Guid(615d853995cf2344d8641fd19cb09b5d) Importer(815301076,1909f56bfc062723c751e8b465ee728b)  -> (artifact id: 'b69f804ebf92c66bc1b057b1ad486c66') in 0.005460 seconds
Number of updated asset objects reloaded before import = 0
Number of asset objects unloaded after import = 2
========================================================================
Received Import Request.
  Time since last request: 0.024045 seconds.
  path: Assets/AmplifyShaderEditor/Plugins/EditorResources/UI/Nodes/CommentaryResizeIcon.png
  artifactKey: Guid(5321bd2b79632764286f28503db80815) Importer(815301076,1909f56bfc062723c751e8b465ee728b)
Start importing Assets/AmplifyShaderEditor/Plugins/EditorResources/UI/Nodes/CommentaryResizeIcon.png using Guid(5321bd2b79632764286f28503db80815) Importer(815301076,1909f56bfc062723c751e8b465ee728b)  -> (artifact id: 'f3e781251fa49431f33764bf675461f5') in 0.005954 seconds
Number of updated asset objects reloaded before import = 0
Number of asset objects unloaded after import = 2
========================================================================
Received Import Request.
  Time since last request: 0.026302 seconds.
  path: Assets/AmplifyShaderEditor/Plugins/EditorResources/UI/Nodes/CommentNodeBase.png
  artifactKey: Guid(b2be9c55e7e7ba447967677c82b2cb23) Importer(815301076,1909f56bfc062723c751e8b465ee728b)
Start importing Assets/AmplifyShaderEditor/Plugins/EditorResources/UI/Nodes/CommentNodeBase.png using Guid(b2be9c55e7e7ba447967677c82b2cb23) Importer(815301076,1909f56bfc062723c751e8b465ee728b)  -> (artifact id: 'a47232f8505bf45540f21f706e4fb2e5') in 0.006148 seconds
Number of updated asset objects reloaded before import = 0
Number of asset objects unloaded after import = 2
========================================================================
Received Import Request.
  Time since last request: 0.253440 seconds.
  path: Assets/AmplifyShaderEditor/Plugins/EditorResources/UI/Buttons/CustomExpAddIconNormal.png
  artifactKey: Guid(7eb057fdbf020504fb6c9c3c78031e5e) Importer(815301076,1909f56bfc062723c751e8b465ee728b)
Start importing Assets/AmplifyShaderEditor/Plugins/EditorResources/UI/Buttons/CustomExpAddIconNormal.png using Guid(7eb057fdbf020504fb6c9c3c78031e5e) Importer(815301076,1909f56bfc062723c751e8b465ee728b)  -> (artifact id: '1e96516d2dc80da9cf05846efab932f3') in 0.005616 seconds
Number of updated asset objects reloaded before import = 0
Number of asset objects unloaded after import = 2
========================================================================
Received Import Request.
  Time since last request: 0.016397 seconds.
  path: Assets/AmplifyShaderEditor/Plugins/EditorResources/UI/Buttons/CustomExpRemoveIconNormal.png
  artifactKey: Guid(839cb1530f95ad14ab58762161a9cb06) Importer(815301076,1909f56bfc062723c751e8b465ee728b)
Start importing Assets/AmplifyShaderEditor/Plugins/EditorResources/UI/Buttons/CustomExpRemoveIconNormal.png using Guid(839cb1530f95ad14ab58762161a9cb06) Importer(815301076,1909f56bfc062723c751e8b465ee728b)  -> (artifact id: '51d5fa4eefe60999c62adc1cfa2ee2d6') in 0.005234 seconds
Number of updated asset objects reloaded before import = 0
Number of asset objects unloaded after import = 2
========================================================================
Received Import Request.
  Time since last request: 0.301776 seconds.
  path: Assets/AmplifyShaderEditor/Plugins/EditorResources/UI/Buttons/FitView.png
  artifactKey: Guid(1def740f2314c6b4691529cadeee2e9c) Importer(815301076,1909f56bfc062723c751e8b465ee728b)
Start importing Assets/AmplifyShaderEditor/Plugins/EditorResources/UI/Buttons/FitView.png using Guid(1def740f2314c6b4691529cadeee2e9c) Importer(815301076,1909f56bfc062723c751e8b465ee728b)  -> (artifact id: '313830d3a581924408da9fc9569af284') in 0.007241 seconds
Number of updated asset objects reloaded before import = 0
Number of asset objects unloaded after import = 2
========================================================================
Received Import Request.
  Time since last request: 0.023101 seconds.
  path: Assets/AmplifyShaderEditor/Plugins/EditorResources/UI/Nodes/FlatBackground.png
  artifactKey: Guid(44efd0011d6a9bc4fb0b3a82753dac4e) Importer(815301076,1909f56bfc062723c751e8b465ee728b)
Start importing Assets/AmplifyShaderEditor/Plugins/EditorResources/UI/Nodes/FlatBackground.png using Guid(44efd0011d6a9bc4fb0b3a82753dac4e) Importer(815301076,1909f56bfc062723c751e8b465ee728b)  -> (artifact id: 'ba355318100e4e166bb1e0210c81d498') in 0.005845 seconds
Number of updated asset objects reloaded before import = 0
Number of asset objects unloaded after import = 2
========================================================================
Received Import Request.
  Time since last request: 0.015938 seconds.
  path: Assets/AmplifyShaderEditor/Plugins/EditorResources/Nodes/GPUInstancingIconOFF.png
  artifactKey: Guid(486c7766baaf21b46afb63c1121ef03e) Importer(815301076,1909f56bfc062723c751e8b465ee728b)
Start importing Assets/AmplifyShaderEditor/Plugins/EditorResources/Nodes/GPUInstancingIconOFF.png using Guid(486c7766baaf21b46afb63c1121ef03e) Importer(815301076,1909f56bfc062723c751e8b465ee728b)  -> (artifact id: 'c36be74ab41f85a1de622cf398ce288f') in 0.006725 seconds
Number of updated asset objects reloaded before import = 0
Number of asset objects unloaded after import = 2
========================================================================
Received Import Request.
  Time since last request: 0.359967 seconds.
  path: Assets/AmplifyShaderEditor/Plugins/EditorResources/UI/Nodes/GraphButton.png
  artifactKey: Guid(2b3b7485f95e8a44dab3fa9610f56cbb) Importer(815301076,1909f56bfc062723c751e8b465ee728b)
Start importing Assets/AmplifyShaderEditor/Plugins/EditorResources/UI/Nodes/GraphButton.png using Guid(2b3b7485f95e8a44dab3fa9610f56cbb) Importer(815301076,1909f56bfc062723c751e8b465ee728b)  -> (artifact id: 'c46e7cac022cfc96ae5471f064b27569') in 0.005459 seconds
Number of updated asset objects reloaded before import = 0
Number of asset objects unloaded after import = 2
========================================================================
Received Import Request.
  Time since last request: 0.023916 seconds.
  path: Assets/AmplifyShaderEditor/Plugins/EditorResources/UI/Nodes/GraphPopup.png
  artifactKey: Guid(2ae607812d722ec46b48647c2a800779) Importer(815301076,1909f56bfc062723c751e8b465ee728b)
Start importing Assets/AmplifyShaderEditor/Plugins/EditorResources/UI/Nodes/GraphPopup.png using Guid(2ae607812d722ec46b48647c2a800779) Importer(815301076,1909f56bfc062723c751e8b465ee728b)  -> (artifact id: 'f7e10d18381e9047e96f38ec6bdc7daf') in 0.004296 seconds
Number of updated asset objects reloaded before import = 0
Number of asset objects unloaded after import = 2
========================================================================
Received Import Request.
  Time since last request: 0.377942 seconds.
  path: Assets/AmplifyShaderEditor/Plugins/EditorResources/UI/Nodes/GrayNormalHeaderSquare.png
  artifactKey: Guid(b16188b8a3dee8146bd9cb0bde234a24) Importer(815301076,1909f56bfc062723c751e8b465ee728b)
Start importing Assets/AmplifyShaderEditor/Plugins/EditorResources/UI/Nodes/GrayNormalHeaderSquare.png using Guid(b16188b8a3dee8146bd9cb0bde234a24) Importer(815301076,1909f56bfc062723c751e8b465ee728b)  -> (artifact id: 'f2517109349ed766ccb0c675d5da009a') in 0.008381 seconds
Number of updated asset objects reloaded before import = 0
Number of asset objects unloaded after import = 2
========================================================================
Received Import Request.
  Time since last request: 0.021952 seconds.
  path: Assets/AmplifyShaderEditor/Plugins/EditorResources/Textures/grey.png
  artifactKey: Guid(31d5a2d79390ab542a81a6699a999758) Importer(815301076,1909f56bfc062723c751e8b465ee728b)
Start importing Assets/AmplifyShaderEditor/Plugins/EditorResources/Textures/grey.png using Guid(31d5a2d79390ab542a81a6699a999758) Importer(815301076,1909f56bfc062723c751e8b465ee728b)  -> (artifact id: 'cff226ecbf0fc1cd299871c176247edc') in 0.005352 seconds
Number of updated asset objects reloaded before import = 0
Number of asset objects unloaded after import = 2
========================================================================
Received Import Request.
  Time since last request: 0.034539 seconds.
  path: Assets/AmplifyShaderEditor/Plugins/EditorResources/UI/Buttons/Help.png
  artifactKey: Guid(066674048bbb1e64e8cdcc6c3b4abbeb) Importer(815301076,1909f56bfc062723c751e8b465ee728b)
Start importing Assets/AmplifyShaderEditor/Plugins/EditorResources/UI/Buttons/Help.png using Guid(066674048bbb1e64e8cdcc6c3b4abbeb) Importer(815301076,1909f56bfc062723c751e8b465ee728b)  -> (artifact id: 'bff1e74a1c853f39f6e5e245fc8eac43') in 0.006019 seconds
Number of updated asset objects reloaded before import = 0
Number of asset objects unloaded after import = 2
========================================================================
Received Import Request.
  Time since last request: 0.306851 seconds.
  path: Assets/AmplifyShaderEditor/Plugins/EditorResources/Previews/IndirectSpecularPreview.exr
  artifactKey: Guid(ef7513b54a0670140b9b967af7620563) Importer(815301076,1909f56bfc062723c751e8b465ee728b)
Start importing Assets/AmplifyShaderEditor/Plugins/EditorResources/Previews/IndirectSpecularPreview.exr using Guid(ef7513b54a0670140b9b967af7620563) Importer(815301076,1909f56bfc062723c751e8b465ee728b)  -> (artifact id: 'f0a6176237aa0c0487e1a65fc012fbe3') in 0.054081 seconds
Number of updated asset objects reloaded before import = 0
Number of asset objects unloaded after import = 1
========================================================================
Received Import Request.
  Time since last request: 0.017594 seconds.
  path: Assets/AmplifyShaderEditor/Plugins/EditorResources/UI/Canvas/LineTex.png
  artifactKey: Guid(02f71419854c0d845a930c9e0a0bf775) Importer(815301076,1909f56bfc062723c751e8b465ee728b)
Start importing Assets/AmplifyShaderEditor/Plugins/EditorResources/UI/Canvas/LineTex.png using Guid(02f71419854c0d845a930c9e0a0bf775) Importer(815301076,1909f56bfc062723c751e8b465ee728b)  -> (artifact id: 'dcf9619cdfc08d948d6fa18f511a8f2e') in 0.005532 seconds
Number of updated asset objects reloaded before import = 0
Number of asset objects unloaded after import = 2
========================================================================
Received Import Request.
  Time since last request: 0.631018 seconds.
  path: Assets/AmplifyShaderEditor/Plugins/EditorResources/UI/Canvas/LineTex 3.png
  artifactKey: Guid(c3512c25766a40245ac94c6b1722d76e) Importer(815301076,1909f56bfc062723c751e8b465ee728b)
Start importing Assets/AmplifyShaderEditor/Plugins/EditorResources/UI/Canvas/LineTex 3.png using Guid(c3512c25766a40245ac94c6b1722d76e) Importer(815301076,1909f56bfc062723c751e8b465ee728b)  -> (artifact id: 'c2a18dd3d71d50311abea4a0a9bc3c18') in 0.006307 seconds
Number of updated asset objects reloaded before import = 0
Number of asset objects unloaded after import = 2
========================================================================
Received Import Request.
  Time since last request: 0.386489 seconds.
  path: Assets/AmplifyShaderEditor/Plugins/EditorResources/Nodes/LinkIcon.png
  artifactKey: Guid(7cabe27e9427ef346a6b6557106353fd) Importer(815301076,1909f56bfc062723c751e8b465ee728b)
Start importing Assets/AmplifyShaderEditor/Plugins/EditorResources/Nodes/LinkIcon.png using Guid(7cabe27e9427ef346a6b6557106353fd) Importer(815301076,1909f56bfc062723c751e8b465ee728b)  -> (artifact id: '9e19e6379dcf5c6d6bc66bf029dd4185') in 0.005851 seconds
Number of updated asset objects reloaded before import = 0
Number of asset objects unloaded after import = 2
========================================================================
Received Import Request.
  Time since last request: 0.021229 seconds.
  path: Assets/AmplifyShaderEditor/Plugins/EditorResources/UI/Buttons/LiveON.png
  artifactKey: Guid(6a0ae1d7892333142aeb09585572202c) Importer(815301076,1909f56bfc062723c751e8b465ee728b)
Start importing Assets/AmplifyShaderEditor/Plugins/EditorResources/UI/Buttons/LiveON.png using Guid(6a0ae1d7892333142aeb09585572202c) Importer(815301076,1909f56bfc062723c751e8b465ee728b)  -> (artifact id: 'd02bf203c566ab592b01f6ec461551ff') in 0.010067 seconds
Number of updated asset objects reloaded before import = 0
Number of asset objects unloaded after import = 2
========================================================================
Received Import Request.
  Time since last request: 0.032237 seconds.
  path: Assets/AmplifyShaderEditor/Plugins/EditorResources/UI/Canvas/MainCanvasTitleBg.png
  artifactKey: Guid(bdb42c87b8801e94e886c5c0d60b3014) Importer(815301076,1909f56bfc062723c751e8b465ee728b)
Start importing Assets/AmplifyShaderEditor/Plugins/EditorResources/UI/Canvas/MainCanvasTitleBg.png using Guid(bdb42c87b8801e94e886c5c0d60b3014) Importer(815301076,1909f56bfc062723c751e8b465ee728b)  -> (artifact id: '5b74916b1c1aa2b2b251efe8fee061d1') in 0.009418 seconds
Number of updated asset objects reloaded before import = 0
Number of asset objects unloaded after import = 2
========================================================================
Received Import Request.
  Time since last request: 0.343263 seconds.
  path: Assets/AmplifyShaderEditor/Plugins/EditorResources/Nodes/MasterNodeIconON.png
  artifactKey: Guid(26c64fcee91024a49980ea2ee9d1a2fb) Importer(815301076,1909f56bfc062723c751e8b465ee728b)
Start importing Assets/AmplifyShaderEditor/Plugins/EditorResources/Nodes/MasterNodeIconON.png using Guid(26c64fcee91024a49980ea2ee9d1a2fb) Importer(815301076,1909f56bfc062723c751e8b465ee728b)  -> (artifact id: 'bbb9bdb7e35c51cb9790be9199adf37c') in 0.006418 seconds
Number of updated asset objects reloaded before import = 0
Number of asset objects unloaded after import = 2
========================================================================
Received Import Request.
  Time since last request: 0.036258 seconds.
  path: Assets/AmplifyShaderEditor/Plugins/EditorResources/UI/Canvas/MaterialModeIcon.PNG
  artifactKey: Guid(5725fa8ee04e1be449af059f5735cd81) Importer(815301076,1909f56bfc062723c751e8b465ee728b)
Start importing Assets/AmplifyShaderEditor/Plugins/EditorResources/UI/Canvas/MaterialModeIcon.PNG using Guid(5725fa8ee04e1be449af059f5735cd81) Importer(815301076,1909f56bfc062723c751e8b465ee728b)  -> (artifact id: 'e7848f0d868b375c071159df917d43f0') in 0.012934 seconds
Number of updated asset objects reloaded before import = 0
Number of asset objects unloaded after import = 2
========================================================================
Received Import Request.
  Time since last request: 0.021668 seconds.
  path: Assets/AmplifyShaderEditor/Plugins/EditorResources/UI/Buttons/MaximizeWindow.png
  artifactKey: Guid(7a1fd3f5fef75b64385591e1890d1842) Importer(815301076,1909f56bfc062723c751e8b465ee728b)
Start importing Assets/AmplifyShaderEditor/Plugins/EditorResources/UI/Buttons/MaximizeWindow.png using Guid(7a1fd3f5fef75b64385591e1890d1842) Importer(815301076,1909f56bfc062723c751e8b465ee728b)  -> (artifact id: 'd8429764862e09b3537a7520ee298c41') in 0.005426 seconds
Number of updated asset objects reloaded before import = 0
Number of asset objects unloaded after import = 2
========================================================================
Received Import Request.
  Time since last request: 0.391304 seconds.
  path: Assets/AmplifyShaderEditor/Plugins/EditorResources/UI/Buttons/MiniBotLeftOffHover.png
  artifactKey: Guid(6f3901bfd2342774ba74e117e43d6db7) Importer(815301076,1909f56bfc062723c751e8b465ee728b)
Start importing Assets/AmplifyShaderEditor/Plugins/EditorResources/UI/Buttons/MiniBotLeftOffHover.png using Guid(6f3901bfd2342774ba74e117e43d6db7) Importer(815301076,1909f56bfc062723c751e8b465ee728b)  -> (artifact id: '1b8caa3571076d4524f023d393b31979') in 0.005760 seconds
Number of updated asset objects reloaded before import = 0
Number of asset objects unloaded after import = 2
========================================================================
Received Import Request.
  Time since last request: 0.024094 seconds.
  path: Assets/AmplifyShaderEditor/Plugins/EditorResources/UI/Buttons/MiniBotLeftOnHover.png
  artifactKey: Guid(7ef06ce40d713d34790e78278ee82dea) Importer(815301076,1909f56bfc062723c751e8b465ee728b)
Start importing Assets/AmplifyShaderEditor/Plugins/EditorResources/UI/Buttons/MiniBotLeftOnHover.png using Guid(7ef06ce40d713d34790e78278ee82dea) Importer(815301076,1909f56bfc062723c751e8b465ee728b)  -> (artifact id: 'c3a10cdef8538cf9dfc893815ea8e3f0') in 0.005007 seconds
Number of updated asset objects reloaded before import = 0
Number of asset objects unloaded after import = 2
========================================================================
Received Import Request.
  Time since last request: 0.367205 seconds.
  path: Assets/AmplifyShaderEditor/Plugins/EditorResources/UI/Buttons/MiniBotMidOffHover.png
  artifactKey: Guid(c86cb249299fb7249b5ee7fb27ef1951) Importer(815301076,1909f56bfc062723c751e8b465ee728b)
Start importing Assets/AmplifyShaderEditor/Plugins/EditorResources/UI/Buttons/MiniBotMidOffHover.png using Guid(c86cb249299fb7249b5ee7fb27ef1951) Importer(815301076,1909f56bfc062723c751e8b465ee728b)  -> (artifact id: '651810b45caa037ff150975a23a72113') in 0.005116 seconds
Number of updated asset objects reloaded before import = 0
Number of asset objects unloaded after import = 2
========================================================================
Received Import Request.
  Time since last request: 0.034852 seconds.
  path: Assets/AmplifyShaderEditor/Plugins/EditorResources/UI/Buttons/MiniBotMidOnHover.png
  artifactKey: Guid(542d7546736ddd244a145ef7103678fb) Importer(815301076,1909f56bfc062723c751e8b465ee728b)
Start importing Assets/AmplifyShaderEditor/Plugins/EditorResources/UI/Buttons/MiniBotMidOnHover.png using Guid(542d7546736ddd244a145ef7103678fb) Importer(815301076,1909f56bfc062723c751e8b465ee728b)  -> (artifact id: '6d693127f2f50592c8d0155d086860bb') in 0.004926 seconds
Number of updated asset objects reloaded before import = 0
Number of asset objects unloaded after import = 2
========================================================================
Received Import Request.
  Time since last request: 0.018038 seconds.
  path: Assets/AmplifyShaderEditor/Plugins/EditorResources/UI/Buttons/MiniBotRightOffHover.png
  artifactKey: Guid(df6fb8448a382c743bd124cc0da55113) Importer(815301076,1909f56bfc062723c751e8b465ee728b)
Start importing Assets/AmplifyShaderEditor/Plugins/EditorResources/UI/Buttons/MiniBotRightOffHover.png using Guid(df6fb8448a382c743bd124cc0da55113) Importer(815301076,1909f56bfc062723c751e8b465ee728b)  -> (artifact id: '49e64c659b387a49f8fb52c618469f63') in 0.004980 seconds
Number of updated asset objects reloaded before import = 0
Number of asset objects unloaded after import = 2
========================================================================
Received Import Request.
  Time since last request: 0.452385 seconds.
  path: Assets/AmplifyShaderEditor/Plugins/EditorResources/UI/Buttons/MiniBotRightOnHover.png
  artifactKey: Guid(d3098ebd60a35494e9977bd96b923298) Importer(815301076,1909f56bfc062723c751e8b465ee728b)
Start importing Assets/AmplifyShaderEditor/Plugins/EditorResources/UI/Buttons/MiniBotRightOnHover.png using Guid(d3098ebd60a35494e9977bd96b923298) Importer(815301076,1909f56bfc062723c751e8b465ee728b)  -> (artifact id: 'e758f8c7d8c12cf0e9ddc52d29f8875c') in 0.005363 seconds
Number of updated asset objects reloaded before import = 0
Number of asset objects unloaded after import = 2
========================================================================
Received Import Request.
  Time since last request: 0.019175 seconds.
  path: Assets/AmplifyShaderEditor/Plugins/EditorResources/UI/Buttons/New.png
  artifactKey: Guid(1bd93c39ca74ac041b79ae289e9b9f08) Importer(815301076,1909f56bfc062723c751e8b465ee728b)
Start importing Assets/AmplifyShaderEditor/Plugins/EditorResources/UI/Buttons/New.png using Guid(1bd93c39ca74ac041b79ae289e9b9f08) Importer(815301076,1909f56bfc062723c751e8b465ee728b)  -> (artifact id: 'c0b4504296ce9c876ee4e7259eacd4f0') in 0.003992 seconds
Number of updated asset objects reloaded before import = 0
Number of asset objects unloaded after import = 2
========================================================================
Received Import Request.
  Time since last request: 0.809250 seconds.
  path: Assets/AmplifyShaderEditor/Plugins/EditorResources/UI/Nodes/NodeSelectedSquare.png
  artifactKey: Guid(080a030f87555fe419ecc1fb9f509118) Importer(815301076,1909f56bfc062723c751e8b465ee728b)
Start importing Assets/AmplifyShaderEditor/Plugins/EditorResources/UI/Nodes/NodeSelectedSquare.png using Guid(080a030f87555fe419ecc1fb9f509118) Importer(815301076,1909f56bfc062723c751e8b465ee728b)  -> (artifact id: 'ea873e590465452e8f5443eb203db78b') in 0.005830 seconds
Number of updated asset objects reloaded before import = 0
Number of asset objects unloaded after import = 2
========================================================================
Received Import Request.
  Time since last request: 0.023888 seconds.
  path: Assets/AmplifyShaderEditor/Plugins/EditorResources/UI/Nodes/ObjectPickerBackgroundOutline.png
  artifactKey: Guid(c1912a55d2f211d468ddeb7b1386dd41) Importer(815301076,1909f56bfc062723c751e8b465ee728b)
Start importing Assets/AmplifyShaderEditor/Plugins/EditorResources/UI/Nodes/ObjectPickerBackgroundOutline.png using Guid(c1912a55d2f211d468ddeb7b1386dd41) Importer(815301076,1909f56bfc062723c751e8b465ee728b)  -> (artifact id: '0c5b3269c83e6bdb90a2910b8806f2ad') in 0.004862 seconds
Number of updated asset objects reloaded before import = 0
Number of asset objects unloaded after import = 2
========================================================================
Received Import Request.
  Time since last request: 0.573542 seconds.
  path: Assets/AmplifyShaderEditor/Plugins/EditorResources/UI/Buttons/OpenListedShader.png
  artifactKey: Guid(a66917730dccde947a01140dc04b9e59) Importer(815301076,1909f56bfc062723c751e8b465ee728b)
Start importing Assets/AmplifyShaderEditor/Plugins/EditorResources/UI/Buttons/OpenListedShader.png using Guid(a66917730dccde947a01140dc04b9e59) Importer(815301076,1909f56bfc062723c751e8b465ee728b)  -> (artifact id: '1df8654dd9a9407a2bac5637185887de') in 0.004574 seconds
Number of updated asset objects reloaded before import = 0
Number of asset objects unloaded after import = 2
========================================================================
Received Import Request.
  Time since last request: 0.020078 seconds.
  path: Assets/AmplifyShaderEditor/Plugins/EditorResources/UI/Buttons/OpenSourceCodeON.PNG
  artifactKey: Guid(8b114792ff84f6546880c031eda42bc0) Importer(815301076,1909f56bfc062723c751e8b465ee728b)
Start importing Assets/AmplifyShaderEditor/Plugins/EditorResources/UI/Buttons/OpenSourceCodeON.PNG using Guid(8b114792ff84f6546880c031eda42bc0) Importer(815301076,1909f56bfc062723c751e8b465ee728b)  -> (artifact id: '979a69e5b12b565986b6f352c5ed4f01') in 0.004817 seconds
Number of updated asset objects reloaded before import = 0
Number of asset objects unloaded after import = 2
========================================================================
Received Import Request.
  Time since last request: 0.059692 seconds.
  path: Assets/AmplifyShaderEditor/Plugins/EditorResources/UI/Nodes/PopupPicker.png
  artifactKey: Guid(d2384a227b4ac4943b73c8151393e502) Importer(815301076,1909f56bfc062723c751e8b465ee728b)
Start importing Assets/AmplifyShaderEditor/Plugins/EditorResources/UI/Nodes/PopupPicker.png using Guid(d2384a227b4ac4943b73c8151393e502) Importer(815301076,1909f56bfc062723c751e8b465ee728b)  -> (artifact id: '17aba1324d8a8d2959964689870063e5') in 0.005415 seconds
Number of updated asset objects reloaded before import = 0
Number of asset objects unloaded after import = 2
========================================================================
Received Import Request.
  Time since last request: 0.292161 seconds.
  path: Assets/AmplifyShaderEditor/Plugins/EditorResources/UI/Nodes/PreviewOn.png
  artifactKey: Guid(dae54b5aa457b474e8a1599de1073d26) Importer(815301076,1909f56bfc062723c751e8b465ee728b)
Start importing Assets/AmplifyShaderEditor/Plugins/EditorResources/UI/Nodes/PreviewOn.png using Guid(dae54b5aa457b474e8a1599de1073d26) Importer(815301076,1909f56bfc062723c751e8b465ee728b)  -> (artifact id: '90056e8299cf0c14fc16d1bb3919d6c2') in 0.005509 seconds
Number of updated asset objects reloaded before import = 0
Number of asset objects unloaded after import = 2
========================================================================
Received Import Request.
  Time since last request: 0.043350 seconds.
  path: Assets/AmplifyShaderEditor/Plugins/EditorResources/Textures/red.png
  artifactKey: Guid(af5ab63a69b074347be0e4c17fb9dc1b) Importer(815301076,1909f56bfc062723c751e8b465ee728b)
Start importing Assets/AmplifyShaderEditor/Plugins/EditorResources/Textures/red.png using Guid(af5ab63a69b074347be0e4c17fb9dc1b) Importer(815301076,1909f56bfc062723c751e8b465ee728b)  -> (artifact id: 'b060c30319b9ede799b7fcf0b97a0d0b') in 0.004881 seconds
Number of updated asset objects reloaded before import = 0
Number of asset objects unloaded after import = 2
========================================================================
Received Import Request.
  Time since last request: 0.308810 seconds.
  path: Assets/AmplifyShaderEditor/Plugins/EditorResources/UI/Buttons/ResetInspectorIcon.png
  artifactKey: Guid(a51794475a883744db8d524cee84e5fc) Importer(815301076,1909f56bfc062723c751e8b465ee728b)
Start importing Assets/AmplifyShaderEditor/Plugins/EditorResources/UI/Buttons/ResetInspectorIcon.png using Guid(a51794475a883744db8d524cee84e5fc) Importer(815301076,1909f56bfc062723c751e8b465ee728b)  -> (artifact id: '0a3b558622e3217e0c3a8fce200961ce') in 0.005618 seconds
Number of updated asset objects reloaded before import = 0
Number of asset objects unloaded after import = 2
========================================================================
Received Import Request.
  Time since last request: 0.017840 seconds.
  path: Assets/AmplifyShaderEditor/Plugins/EditorResources/UI/Buttons/SaveON.png
  artifactKey: Guid(2c938a89586d41f4081284e4b25243c2) Importer(815301076,1909f56bfc062723c751e8b465ee728b)
Start importing Assets/AmplifyShaderEditor/Plugins/EditorResources/UI/Buttons/SaveON.png using Guid(2c938a89586d41f4081284e4b25243c2) Importer(815301076,1909f56bfc062723c751e8b465ee728b)  -> (artifact id: '31e61515a386b7561e1bd8a7c18d1e75') in 0.015657 seconds
Number of updated asset objects reloaded before import = 0
Number of asset objects unloaded after import = 2
========================================================================
Received Import Request.
  Time since last request: 0.303084 seconds.
  path: Assets/AmplifyShaderEditor/Plugins/EditorResources/UI/Canvas/SelectionBox.png
  artifactKey: Guid(a702c1245d15ddb48b8fba73bf951a65) Importer(815301076,1909f56bfc062723c751e8b465ee728b)
Start importing Assets/AmplifyShaderEditor/Plugins/EditorResources/UI/Canvas/SelectionBox.png using Guid(a702c1245d15ddb48b8fba73bf951a65) Importer(815301076,1909f56bfc062723c751e8b465ee728b)  -> (artifact id: 'f7ef6173cbb21594bf5a73d0e50bedbf') in 0.005476 seconds
Number of updated asset objects reloaded before import = 0
Number of asset objects unloaded after import = 2
========================================================================
Received Import Request.
  Time since last request: 0.019324 seconds.
  path: Assets/AmplifyShaderEditor/Plugins/EditorResources/UI/Canvas/ShaderFunction.png
  artifactKey: Guid(94cd628d3d8e07d40a85d82b3fdad15d) Importer(815301076,1909f56bfc062723c751e8b465ee728b)
Start importing Assets/AmplifyShaderEditor/Plugins/EditorResources/UI/Canvas/ShaderFunction.png using Guid(94cd628d3d8e07d40a85d82b3fdad15d) Importer(815301076,1909f56bfc062723c751e8b465ee728b)  -> (artifact id: '0f55b558196d7975e42e91dac790a49d') in 0.004438 seconds
Number of updated asset objects reloaded before import = 0
Number of asset objects unloaded after import = 2
========================================================================
Received Import Request.
  Time since last request: 0.320288 seconds.
  path: Assets/AmplifyShaderEditor/Plugins/EditorResources/UI/Canvas/ShaderFunctionIcon.png
  artifactKey: Guid(50be8291f9514914aa55c66c49da67cf) Importer(815301076,1909f56bfc062723c751e8b465ee728b)
Start importing Assets/AmplifyShaderEditor/Plugins/EditorResources/UI/Canvas/ShaderFunctionIcon.png using Guid(50be8291f9514914aa55c66c49da67cf) Importer(815301076,1909f56bfc062723c751e8b465ee728b)  -> (artifact id: '2373b658c6b863cfb8e575ad5eb60669') in 0.006479 seconds
Number of updated asset objects reloaded before import = 0
Number of asset objects unloaded after import = 2
========================================================================
Received Import Request.
  Time since last request: 0.017616 seconds.
  path: Assets/AmplifyShaderEditor/Plugins/EditorResources/UI/Canvas/ShaderFunctionModeIconOFF.png
  artifactKey: Guid(ff637d399b504ac4999b770f24ef4d56) Importer(815301076,1909f56bfc062723c751e8b465ee728b)
Start importing Assets/AmplifyShaderEditor/Plugins/EditorResources/UI/Canvas/ShaderFunctionModeIconOFF.png using Guid(ff637d399b504ac4999b770f24ef4d56) Importer(815301076,1909f56bfc062723c751e8b465ee728b)  -> (artifact id: '94ca936fa02e2b3e543cb278aee7e75e') in 0.005873 seconds
Number of updated asset objects reloaded before import = 0
Number of asset objects unloaded after import = 2
========================================================================
Received Import Request.
  Time since last request: 0.344315 seconds.
  path: Assets/AmplifyShaderEditor/Plugins/EditorResources/UI/Canvas/ShaderModeIconOFF.png
  artifactKey: Guid(df81b9531d8ef704f96072ce6910db68) Importer(815301076,1909f56bfc062723c751e8b465ee728b)
Start importing Assets/AmplifyShaderEditor/Plugins/EditorResources/UI/Canvas/ShaderModeIconOFF.png using Guid(df81b9531d8ef704f96072ce6910db68) Importer(815301076,1909f56bfc062723c751e8b465ee728b)  -> (artifact id: '7846cc9309a5d2dff3d9e6cfcd9ae5b7') in 0.005383 seconds
Number of updated asset objects reloaded before import = 0
Number of asset objects unloaded after import = 2
========================================================================
Received Import Request.
  Time since last request: 0.023689 seconds.
  path: Assets/AmplifyShaderEditor/Plugins/EditorResources/UI/Buttons/ShaderSelectOFF.png
  artifactKey: Guid(ce7d95fa4e635f943a73ce1b19312cc5) Importer(815301076,1909f56bfc062723c751e8b465ee728b)
Start importing Assets/AmplifyShaderEditor/Plugins/EditorResources/UI/Buttons/ShaderSelectOFF.png using Guid(ce7d95fa4e635f943a73ce1b19312cc5) Importer(815301076,1909f56bfc062723c751e8b465ee728b)  -> (artifact id: '1968528cc686e5bdc633485129ff6321') in 0.004615 seconds
Number of updated asset objects reloaded before import = 0
Number of asset objects unloaded after import = 2
========================================================================
Received Import Request.
  Time since last request: 0.553286 seconds.
  path: Assets/AmplifyShaderEditor/Plugins/EditorResources/UI/Buttons/ShareOFF.png
  artifactKey: Guid(bc5bd469748466a459badfab23915cb0) Importer(815301076,1909f56bfc062723c751e8b465ee728b)
Start importing Assets/AmplifyShaderEditor/Plugins/EditorResources/UI/Buttons/ShareOFF.png using Guid(bc5bd469748466a459badfab23915cb0) Importer(815301076,1909f56bfc062723c751e8b465ee728b)  -> (artifact id: '733c564b9dff7e45b7f794cba36455aa') in 0.004632 seconds
Number of updated asset objects reloaded before import = 0
Number of asset objects unloaded after import = 2
========================================================================
Received Import Request.
  Time since last request: 0.045307 seconds.
  path: Assets/AmplifyShaderEditor/Plugins/EditorResources/UI/Buttons/SliderHoriz.png
  artifactKey: Guid(4cabb2d6785b8aa4db0c0a34e1e00f04) Importer(815301076,1909f56bfc062723c751e8b465ee728b)
Start importing Assets/AmplifyShaderEditor/Plugins/EditorResources/UI/Buttons/SliderHoriz.png using Guid(4cabb2d6785b8aa4db0c0a34e1e00f04) Importer(815301076,1909f56bfc062723c751e8b465ee728b)  -> (artifact id: '745364263e535a8e4439bd72fec7e039') in 0.012219 seconds
Number of updated asset objects reloaded before import = 0
Number of asset objects unloaded after import = 2
========================================================================
Received Import Request.
  Time since last request: 0.022125 seconds.
  path: Assets/AmplifyShaderEditor/Plugins/EditorResources/Nodes/TextureReferenceBg.png
  artifactKey: Guid(f9bd85ea2601b824c87556c13e852933) Importer(815301076,1909f56bfc062723c751e8b465ee728b)
Start importing Assets/AmplifyShaderEditor/Plugins/EditorResources/Nodes/TextureReferenceBg.png using Guid(f9bd85ea2601b824c87556c13e852933) Importer(815301076,1909f56bfc062723c751e8b465ee728b)  -> (artifact id: '5d05b14b11ed62a61dbbb77225bcf313') in 0.007425 seconds
Number of updated asset objects reloaded before import = 0
Number of asset objects unloaded after import = 2
========================================================================
Received Import Request.
  Time since last request: 0.453915 seconds.
  path: Assets/AmplifyShaderEditor/Plugins/EditorResources/UI/Buttons/TransparentPixel.png
  artifactKey: Guid(1004d06b4b28f5943abdf2313a22790a) Importer(815301076,1909f56bfc062723c751e8b465ee728b)
Start importing Assets/AmplifyShaderEditor/Plugins/EditorResources/UI/Buttons/TransparentPixel.png using Guid(1004d06b4b28f5943abdf2313a22790a) Importer(815301076,1909f56bfc062723c751e8b465ee728b)  -> (artifact id: '5ffc8ce7c8c56019a5d4f5f58075f8f2') in 0.006562 seconds
Number of updated asset objects reloaded before import = 0
Number of asset objects unloaded after import = 2
========================================================================
Received Import Request.
  Time since last request: 0.029781 seconds.
  path: Assets/AmplifyShaderEditor/Plugins/EditorResources/UI/Buttons/UpdateOutdated.png
  artifactKey: Guid(cce638be049286c41bcbd0a26c356b18) Importer(815301076,1909f56bfc062723c751e8b465ee728b)
Start importing Assets/AmplifyShaderEditor/Plugins/EditorResources/UI/Buttons/UpdateOutdated.png using Guid(cce638be049286c41bcbd0a26c356b18) Importer(815301076,1909f56bfc062723c751e8b465ee728b)  -> (artifact id: 'c1fdcee99d57cd2a786883296c6a8885') in 0.009207 seconds
Number of updated asset objects reloaded before import = 0
Number of asset objects unloaded after import = 2
========================================================================
Received Import Request.
  Time since last request: 0.405293 seconds.
  path: Assets/AmplifyShaderEditor/Plugins/EditorResources/Textures/white.png
  artifactKey: Guid(37e6f91f3efb0954cbdce254638862ea) Importer(815301076,1909f56bfc062723c751e8b465ee728b)
Start importing Assets/AmplifyShaderEditor/Plugins/EditorResources/Textures/white.png using Guid(37e6f91f3efb0954cbdce254638862ea) Importer(815301076,1909f56bfc062723c751e8b465ee728b)  -> (artifact id: 'a092f997fe24249914939fdac601c3d1') in 0.011959 seconds
Number of updated asset objects reloaded before import = 0
Number of asset objects unloaded after import = 2
========================================================================
Received Import Request.
  Time since last request: 0.031928 seconds.
  path: Assets/AmplifyShaderEditor/Plugins/EditorResources/UI/Nodes/WhitePortSolid.png
  artifactKey: Guid(8113366f9f7cec647878e3af2fb98922) Importer(815301076,1909f56bfc062723c751e8b465ee728b)
Start importing Assets/AmplifyShaderEditor/Plugins/EditorResources/UI/Nodes/WhitePortSolid.png using Guid(8113366f9f7cec647878e3af2fb98922) Importer(815301076,1909f56bfc062723c751e8b465ee728b)  -> (artifact id: '8ba71a5fac3565d8b818ab7838d66dd7') in 0.017074 seconds
Number of updated asset objects reloaded before import = 0
Number of asset objects unloaded after import = 2
========================================================================
Received Prepare
Begin MonoManager ReloadAssembly
- Loaded All Assemblies, in  0.747 seconds
Refreshing native plugins compatible for Editor in 3.07 ms, found 3 plugins.
Native extension for WindowsStandalone target not found
Native extension for WebGL target not found
[Package Manager] Server::EnsureServerProcessIsRunning -- launch failed, reason: Unity was launched with the -noUpm command-line argument
[Package Manager] UpmClient::Send -- Unable to send message (not connected to UPM process).
[Package Manager] Cannot connect to Unity Package Manager local server
[Package Manager] Server::EnsureServerProcessIsRunning -- launch failed, reason: Unity was launched with the -noUpm command-line argument
[Package Manager] UpmClient::Send -- Unable to send message (not connected to UPM process).
[Package Manager] Cannot connect to Unity Package Manager local server
Mono: successfully reloaded assembly
- Finished resetting the current domain, in  1.418 seconds
Domain Reload Profiling: 2165ms
	BeginReloadAssembly (485ms)
		ExecutionOrderSort (0ms)
		DisableScriptedObjects (9ms)
		BackupInstance (0ms)
		ReleaseScriptingObjects (0ms)
		CreateAndSetChildDomain (198ms)
	RebuildCommonClasses (28ms)
	RebuildNativeTypeToScriptingClass (12ms)
	initialDomainReloadingComplete (21ms)
	LoadAllAssembliesAndSetupDomain (201ms)
		LoadAssemblies (407ms)
		RebuildTransferFunctionScriptingTraits (0ms)
		AnalyzeDomain (17ms)
			TypeCache.Refresh (7ms)
				TypeCache.ScanAssembly (2ms)
			ScanForSourceGeneratedMonoScriptInfo (5ms)
			ResolveRequiredComponents (4ms)
	FinalizeReload (1419ms)
		ReleaseScriptCaches (0ms)
		RebuildScriptCaches (0ms)
		SetupLoadedEditorAssemblies (263ms)
			LogAssemblyErrors (0ms)
			InitializePlatformSupportModulesInManaged (4ms)
			SetLoadedEditorAssemblies (2ms)
			RefreshPlugins (0ms)
			BeforeProcessingInitializeOnLoad (37ms)
			ProcessInitializeOnLoadAttributes (201ms)
			ProcessInitializeOnLoadMethodAttributes (17ms)
			AfterProcessingInitializeOnLoad (1ms)
			EditorAssembliesLoaded (0ms)
		ExecutionOrderSort2 (0ms)
		AwakeInstancesAfterBackupRestoration (7ms)
Refreshing native plugins compatible for Editor in 2.35 ms, found 3 plugins.
Preloading 0 native plugins for Editor in 0.00 ms.
Unloading 3896 Unused Serialized files (Serialized files now loaded: 0)
Unloading 270 unused Assets / (10.6 MB). Loaded Objects now: 4194.
Memory consumption went from 217.6 MB to 207.0 MB.
Total: 6.234700 ms (FindLiveObjects: 0.297100 ms CreateObjectMapping: 0.099300 ms MarkObjects: 2.117800 ms  DeleteObjects: 3.719300 ms)

Prepare: number of updated asset objects reloaded= 0
AssetImportParameters requested are different than current active one (requested -> active):
  custom:container-demuxer-ogg: 62fdf1f143b41e24485cea50d1cbac27 -> 
  custom:video-codec-MediaFoundation-h265: 746d11721c4dcdbdad8f713fa42b33f4 -> 
  custom:video-decoder-ogg-theora: a1e56fd34408186e4bbccfd4996cb3dc -> 
  custom:framework-win-MediaFoundation: 216162199b28c13a410421893ffa2e32 -> 
  custom:CustomObjectIndexerAttribute: 9a22284fe3817be447336de3de66b15e -> 
  custom:container-demuxer-webm: 4f35f7cbe854078d1ac9338744f61a02 -> 
  custom:container-muxer-webm: aa71ff27fc2769a1b78a27578f13a17b -> 
  custom:video-decoder-webm-vp8: 9c59270c3fd7afecdb556c50c9e8de78 -> 
  custom:SearchIndexIgnoredProperties: e643bd26f0fe6173181afceb89e7c659 -> 
  custom:AudioImporter_EditorPlatform: d09bf68614088b80899f8185d706f6e7 -> 
  custom:video-encoder-webm-vp8: eb34c28f22e8b96e1ab97ce403110664 -> 
  custom:audio-decoder-ogg-vorbis: bf7c407c2cedff20999df2af8eb42d56 -> 
  custom:audio-encoder-webm-vorbis: bf7c407c2cedff20999df2af8eb42d56 -> 
========================================================================
Received Import Request.
  Time since last request: 1814.738711 seconds.
  path: Assets/Serah Fei Bikini/Standalone/SerahBikiniv1.fbm/sf-TorsoD_1002.jpg
  artifactKey: Guid(693a10fa5934e9548a0f44feba1029d1) Importer(815301076,1909f56bfc062723c751e8b465ee728b)
Start importing Assets/Serah Fei Bikini/Standalone/SerahBikiniv1.fbm/sf-TorsoD_1002.jpg using Guid(693a10fa5934e9548a0f44feba1029d1) Importer(815301076,1909f56bfc062723c751e8b465ee728b)  -> (artifact id: '997d9f3bc70ff4e8351a7d729a1c06d3') in 0.046921 seconds
Number of updated asset objects reloaded before import = 0
Number of asset objects unloaded after import = 2
========================================================================
Received Import Request.
  Time since last request: 1.787819 seconds.
  path: Assets/Serah Fei Bikini/textures/sf_Torso_NM_1002.png
  artifactKey: Guid(fae9a3a1627914a4e87fbd2ffc7d478f) Importer(815301076,1909f56bfc062723c751e8b465ee728b)
Start importing Assets/Serah Fei Bikini/textures/sf_Torso_NM_1002.png using Guid(fae9a3a1627914a4e87fbd2ffc7d478f) Importer(815301076,1909f56bfc062723c751e8b465ee728b)  -> (artifact id: '9c9cc56928cfd25df689ce3e0d22b16a') in 0.019698 seconds
Number of updated asset objects reloaded before import = 0
Number of asset objects unloaded after import = 2
========================================================================
Received Import Request.
  Time since last request: 7.155514 seconds.
  path: Assets/Serah Fei Bikini/SSS-plugin-unity/PostProcessing/Textures/Spectral LUTs/SpectralLut_PurpleGreen.tga
  artifactKey: Guid(42183971d24cfe443a346e7ec6e83bbb) Importer(815301076,1909f56bfc062723c751e8b465ee728b)
Start importing Assets/Serah Fei Bikini/SSS-plugin-unity/PostProcessing/Textures/Spectral LUTs/SpectralLut_PurpleGreen.tga using Guid(42183971d24cfe443a346e7ec6e83bbb) Importer(815301076,1909f56bfc062723c751e8b465ee728b)  -> (artifact id: 'dd3b56d5f5107be07d6d323dcb2a2fef') in 0.006660 seconds
Number of updated asset objects reloaded before import = 0
Number of asset objects unloaded after import = 2
========================================================================
Received Import Request.
  Time since last request: 2098.112159 seconds.
  path: Assets/Serah Fei Bikini/Standalone/SerahBikiniv1.fbm/1sceleraEyes01D_1006.jpg
  artifactKey: Guid(464a4e96eb7a4b14484200397ad560b5) Importer(815301076,1909f56bfc062723c751e8b465ee728b)
Start importing Assets/Serah Fei Bikini/Standalone/SerahBikiniv1.fbm/1sceleraEyes01D_1006.jpg using Guid(464a4e96eb7a4b14484200397ad560b5) Importer(815301076,1909f56bfc062723c751e8b465ee728b)  -> (artifact id: '3be68abad47ca01220b1efc28f298917') in 0.032218 seconds
Number of updated asset objects reloaded before import = 0
Number of asset objects unloaded after import = 2
========================================================================
Received Import Request.
  Time since last request: 0.000019 seconds.
  path: Assets/Serah Fei Bikini/Standalone/SerahBikiniv1.fbm/3FaceSerahsssD01.jpg
  artifactKey: Guid(4aed96b2fa77ffe469e3b3f5dc50b41f) Importer(815301076,1909f56bfc062723c751e8b465ee728b)
Start importing Assets/Serah Fei Bikini/Standalone/SerahBikiniv1.fbm/3FaceSerahsssD01.jpg using Guid(4aed96b2fa77ffe469e3b3f5dc50b41f) Importer(815301076,1909f56bfc062723c751e8b465ee728b)  -> (artifact id: '360ed567dcb9885928c47ad349b015ca') in 0.017606 seconds
Number of updated asset objects reloaded before import = 0
Number of asset objects unloaded after import = 2
========================================================================
Received Import Request.
  Time since last request: 18991.786325 seconds.
  path: Assets/images/Emiss.png
  artifactKey: Guid(4b437af2554f8c549bd596e8626defc5) Importer(815301076,1909f56bfc062723c751e8b465ee728b)
Start importing Assets/images/Emiss.png using Guid(4b437af2554f8c549bd596e8626defc5) Importer(815301076,1909f56bfc062723c751e8b465ee728b)  -> (artifact id: '1e33c4a135d51087fa55b054d73e1dd4') in 0.070916 seconds
Number of updated asset objects reloaded before import = 0
Number of asset objects unloaded after import = 2
========================================================================
Received Import Request.
  Time since last request: 0.000079 seconds.
  path: Assets/Serah Fei Bikini/SSS-plugin-unity/CS_Subsurface/Features/MirrorEyeDisplacement/TEX_MirrorHead_EyeMask_final.png
  artifactKey: Guid(7a12562a7b191064cbf9e80538b23f5b) Importer(815301076,1909f56bfc062723c751e8b465ee728b)
Start importing Assets/Serah Fei Bikini/SSS-plugin-unity/CS_Subsurface/Features/MirrorEyeDisplacement/TEX_MirrorHead_EyeMask_final.png using Guid(7a12562a7b191064cbf9e80538b23f5b) Importer(815301076,1909f56bfc062723c751e8b465ee728b)  -> (artifact id: '9d63fe9e92f13f17560c6039122c6902') in 0.037638 seconds
Number of updated asset objects reloaded before import = 0
Number of asset objects unloaded after import = 2
========================================================================
Received Prepare
Begin MonoManager ReloadAssembly
- Loaded All Assemblies, in  1.030 seconds
Refreshing native plugins compatible for Editor in 4.83 ms, found 3 plugins.
Native extension for WindowsStandalone target not found
Native extension for WebGL target not found
[Package Manager] Server::EnsureServerProcessIsRunning -- launch failed, reason: Unity was launched with the -noUpm command-line argument
[Package Manager] UpmClient::Send -- Unable to send message (not connected to UPM process).
[Package Manager] Cannot connect to Unity Package Manager local server
[Package Manager] Server::EnsureServerProcessIsRunning -- launch failed, reason: Unity was launched with the -noUpm command-line argument
[Package Manager] UpmClient::Send -- Unable to send message (not connected to UPM process).
[Package Manager] Cannot connect to Unity Package Manager local server
Mono: successfully reloaded assembly
- Finished resetting the current domain, in  1.736 seconds
Domain Reload Profiling: 2768ms
	BeginReloadAssembly (506ms)
		ExecutionOrderSort (0ms)
		DisableScriptedObjects (21ms)
		BackupInstance (0ms)
		ReleaseScriptingObjects (0ms)
		CreateAndSetChildDomain (259ms)
	RebuildCommonClasses (27ms)
	RebuildNativeTypeToScriptingClass (11ms)
	initialDomainReloadingComplete (26ms)
	LoadAllAssembliesAndSetupDomain (462ms)
		LoadAssemblies (600ms)
		RebuildTransferFunctionScriptingTraits (0ms)
		AnalyzeDomain (20ms)
			TypeCache.Refresh (10ms)
				TypeCache.ScanAssembly (0ms)
			ScanForSourceGeneratedMonoScriptInfo (0ms)
			ResolveRequiredComponents (9ms)
	FinalizeReload (1736ms)
		ReleaseScriptCaches (0ms)
		RebuildScriptCaches (0ms)
		SetupLoadedEditorAssemblies (316ms)
			LogAssemblyErrors (0ms)
			InitializePlatformSupportModulesInManaged (7ms)
			SetLoadedEditorAssemblies (5ms)
			RefreshPlugins (0ms)
			BeforeProcessingInitializeOnLoad (44ms)
			ProcessInitializeOnLoadAttributes (236ms)
			ProcessInitializeOnLoadMethodAttributes (22ms)
			AfterProcessingInitializeOnLoad (2ms)
			EditorAssembliesLoaded (1ms)
		ExecutionOrderSort2 (0ms)
		AwakeInstancesAfterBackupRestoration (7ms)
Refreshing native plugins compatible for Editor in 2.02 ms, found 3 plugins.
Preloading 0 native plugins for Editor in 0.00 ms.
Unloading 3896 Unused Serialized files (Serialized files now loaded: 0)
Unloading 270 unused Assets / (10.5 MB). Loaded Objects now: 4201.
Memory consumption went from 219.5 MB to 209.0 MB.
Total: 8.656600 ms (FindLiveObjects: 0.285500 ms CreateObjectMapping: 0.074300 ms MarkObjects: 3.705800 ms  DeleteObjects: 4.589900 ms)

Prepare: number of updated asset objects reloaded= 0
AssetImportParameters requested are different than current active one (requested -> active):
  custom:container-demuxer-ogg: 62fdf1f143b41e24485cea50d1cbac27 -> 
  custom:video-codec-MediaFoundation-h265: 746d11721c4dcdbdad8f713fa42b33f4 -> 
  custom:video-decoder-ogg-theora: a1e56fd34408186e4bbccfd4996cb3dc -> 
  custom:framework-win-MediaFoundation: 216162199b28c13a410421893ffa2e32 -> 
  custom:CustomObjectIndexerAttribute: 9a22284fe3817be447336de3de66b15e -> 
  custom:container-demuxer-webm: 4f35f7cbe854078d1ac9338744f61a02 -> 
  custom:container-muxer-webm: aa71ff27fc2769a1b78a27578f13a17b -> 
  custom:video-decoder-webm-vp8: 9c59270c3fd7afecdb556c50c9e8de78 -> 
  custom:SearchIndexIgnoredProperties: e643bd26f0fe6173181afceb89e7c659 -> 
  custom:AudioImporter_EditorPlatform: d09bf68614088b80899f8185d706f6e7 -> 
  custom:video-encoder-webm-vp8: eb34c28f22e8b96e1ab97ce403110664 -> 
  custom:audio-decoder-ogg-vorbis: bf7c407c2cedff20999df2af8eb42d56 -> 
  custom:audio-encoder-webm-vorbis: bf7c407c2cedff20999df2af8eb42d56 -> 
========================================================================
Received Import Request.
  Time since last request: 395.562021 seconds.
  path: Assets/Serah Fei Bikini/SSS-plugin-unity/PostProcessing/Utilities/CustomMotionTexture/Textures/DebugMotionVectors.png
  artifactKey: Guid(3aac3087967ea4fae858ec0494fd24d9) Importer(815301076,1909f56bfc062723c751e8b465ee728b)
Start importing Assets/Serah Fei Bikini/SSS-plugin-unity/PostProcessing/Utilities/CustomMotionTexture/Textures/DebugMotionVectors.png using Guid(3aac3087967ea4fae858ec0494fd24d9) Importer(815301076,1909f56bfc062723c751e8b465ee728b)  -> (artifact id: 'baa12a661abf3e81c2a55ef7b1c5ece1') in 0.045379 seconds
Number of updated asset objects reloaded before import = 0
Number of asset objects unloaded after import = 2
